<?xml version="1.0" encoding="UTF-8"?>
<!-- Generated by org.testng.reporters.JUnitReportReporter -->
<testsuite skipped="0" hostname="DESKTOP-5FF0PJM" name="Test1.Landing_Page" tests="3" failures="0" timestamp="2021-11-29T15:56:36 IST" time="106.531" errors="0">
  <testcase name="Login_Val" time="56.377" classname="Test1.Landing_Page"/>
  <system-out/>
  <testcase name="Gmail_Login" time="27.857" classname="Test1.Landing_Page"/>
  <system-out/>
  <testcase name="Social_Login" time="22.297" classname="Test1.Landing_Page"/>
  <system-out/>
</testsuite> <!-- Test1.Landing_Page -->
